# JRE version: OpenJDK Runtime Environment (11.0.12+7) (build 11.0.12+7-b1504.28-7817840)
# Java VM: OpenJDK 64-Bit Server VM (11.0.12+7-b1504.28-7817840, mixed mode, tiered, compressed oops, g1 gc, windows-amd64)
Heap:
 garbage-first heap   total 885760K, used 111403K [0x00000000a0000000, 0x0000000100000000)
  region size 1024K, 1 young (1024K), 1 survivors (1024K)
 Metaspace       used 104897K, capacity 107882K, committed 109484K, reserved 1144832K
  class space    used 12734K, capacity 13702K, committed 14080K, reserved 1048576K
GC Heap History (20 events):
Event: 2461.097 GC heap after
{Heap after GC invocations=45 (full 0):
 garbage-first heap   total 262144K, used 112762K [0x00000000a0000000, 0x0000000100000000)
  region size 1024K, 2 young (2048K), 2 survivors (2048K)
 Metaspace       used 104546K, capacity 107408K, committed 109228K, reserved 1144832K
  class space    used 12675K, capacity 13597K, committed 14080K, reserved 1048576K
}
Event: 2462.644 GC heap before
{Heap before GC invocations=45 (full 0):
 garbage-first heap   total 262144K, used 121978K [0x00000000a0000000, 0x0000000100000000)
  region size 1024K, 12 young (12288K), 2 survivors (2048K)
 Metaspace       used 104546K, capacity 107408K, committed 109228K, reserved 1144832K
  class space    used 12675K, capacity 13597K, committed 14080K, reserved 1048576K
}
Event: 2462.647 GC heap after
{Heap after GC invocations=46 (full 0):
 garbage-first heap   total 262144K, used 113043K [0x00000000a0000000, 0x0000000100000000)
  region size 1024K, 2 young (2048K), 2 survivors (2048K)
 Metaspace       used 104546K, capacity 107408K, committed 109228K, reserved 1144832K
  class space    used 12675K, capacity 13597K, committed 14080K, reserved 1048576K
}
Event: 2463.228 GC heap before
{Heap before GC invocations=46 (full 0):
 garbage-first heap   total 262144K, used 122259K [0x00000000a0000000, 0x0000000100000000)
  region size 1024K, 12 young (12288K), 2 survivors (2048K)
 Metaspace       used 104546K, capacity 107408K, committed 109228K, reserved 1144832K
  class space    used 12675K, capacity 13597K, committed 14080K, reserved 1048576K
}
Event: 2463.737 GC heap after
{Heap after GC invocations=47 (full 0):
 garbage-first heap   total 262144K, used 113533K [0x00000000a0000000, 0x0000000100000000)
  region size 1024K, 2 young (2048K), 2 survivors (2048K)
 Metaspace       used 104546K, capacity 107408K, committed 109228K, reserved 1144832K
  class space    used 12675K, capacity 13597K, committed 14080K, reserved 1048576K
}
Event: 2464.395 GC heap before
{Heap before GC invocations=48 (full 0):
 garbage-first heap   total 262144K, used 123773K [0x00000000a0000000, 0x0000000100000000)
  region size 1024K, 12 young (12288K), 2 survivors (2048K)
 Metaspace       used 104546K, capacity 107408K, committed 109228K, reserved 1144832K
  class space    used 12675K, capacity 13597K, committed 14080K, reserved 1048576K
}
Event: 2464.664 GC heap after
{Heap after GC invocations=49 (full 0):
 garbage-first heap   total 262144K, used 113742K [0x00000000a0000000, 0x0000000100000000)
  region size 1024K, 2 young (2048K), 2 survivors (2048K)
 Metaspace       used 104546K, capacity 107408K, committed 109228K, reserved 1144832K
  class space    used 12675K, capacity 13597K, committed 14080K, reserved 1048576K
}
Event: 2465.618 GC heap before
{Heap before GC invocations=49 (full 0):
 garbage-first heap   total 262144K, used 122958K [0x00000000a0000000, 0x0000000100000000)
  region size 1024K, 12 young (12288K), 2 survivors (2048K)
 Metaspace       used 104546K, capacity 107408K, committed 109228K, reserved 1144832K
  class space    used 12675K, capacity 13597K, committed 14080K, reserved 1048576K
}
Event: 2467.131 GC heap after
{Heap after GC invocations=50 (full 0):
 garbage-first heap   total 262144K, used 112850K [0x00000000a0000000, 0x0000000100000000)
  region size 1024K, 2 young (2048K), 2 survivors (2048K)
 Metaspace       used 104546K, capacity 107408K, committed 109228K, reserved 1144832K
  class space    used 12675K, capacity 13597K, committed 14080K, reserved 1048576K
}
Event: 2469.696 GC heap before
{Heap before GC invocations=50 (full 0):
 garbage-first heap   total 262144K, used 123090K [0x00000000a0000000, 0x0000000100000000)
  region size 1024K, 12 young (12288K), 2 survivors (2048K)
 Metaspace       used 104547K, capacity 107408K, committed 109228K, reserved 1144832K
  class space    used 12676K, capacity 13597K, committed 14080K, reserved 1048576K
}
Event: 2471.255 GC heap after
{Heap after GC invocations=51 (full 0):
 garbage-first heap   total 427008K, used 112338K [0x00000000a0000000, 0x0000000100000000)
  region size 1024K, 1 young (1024K), 1 survivors (1024K)
 Metaspace       used 104547K, capacity 107408K, committed 109228K, reserved 1144832K
  class space    used 12676K, capacity 13597K, committed 14080K, reserved 1048576K
}
Event: 2475.979 GC heap before
{Heap before GC invocations=52 (full 0):
 garbage-first heap   total 427008K, used 131794K [0x00000000a0000000, 0x0000000100000000)
  region size 1024K, 20 young (20480K), 1 survivors (1024K)
 Metaspace       used 104547K, capacity 107408K, committed 109228K, reserved 1144832K
  class space    used 12676K, capacity 13597K, committed 14080K, reserved 1048576K
}
Event: 2475.983 GC heap after
{Heap after GC invocations=53 (full 0):
 garbage-first heap   total 427008K, used 114400K [0x00000000a0000000, 0x0000000100000000)
  region size 1024K, 3 young (3072K), 3 survivors (3072K)
 Metaspace       used 104547K, capacity 107408K, committed 109228K, reserved 1144832K
  class space    used 12676K, capacity 13597K, committed 14080K, reserved 1048576K
}
Event: 2477.889 GC heap before
{Heap before GC invocations=53 (full 0):
 garbage-first heap   total 427008K, used 130784K [0x00000000a0000000, 0x0000000100000000)
  region size 1024K, 20 young (20480K), 3 survivors (3072K)
 Metaspace       used 104547K, capacity 107408K, committed 109228K, reserved 1144832K
  class space    used 12676K, capacity 13597K, committed 14080K, reserved 1048576K
}
Event: 2479.101 GC heap after
{Heap after GC invocations=54 (full 0):
 garbage-first heap   total 427008K, used 114301K [0x00000000a0000000, 0x0000000100000000)
  region size 1024K, 2 young (2048K), 2 survivors (2048K)
 Metaspace       used 104547K, capacity 107408K, committed 109228K, reserved 1144832K
  class space    used 12676K, capacity 13597K, committed 14080K, reserved 1048576K
}
Event: 2485.241 GC heap before
{Heap before GC invocations=54 (full 0):
 garbage-first heap   total 427008K, used 132733K [0x00000000a0000000, 0x0000000100000000)
  region size 1024K, 20 young (20480K), 2 survivors (2048K)
 Metaspace       used 104547K, capacity 107408K, committed 109228K, reserved 1144832K
  class space    used 12676K, capacity 13597K, committed 14080K, reserved 1048576K
}
Event: 2486.411 GC heap after
{Heap after GC invocations=55 (full 0):
 garbage-first heap   total 427008K, used 114200K [0x00000000a0000000, 0x0000000100000000)
  region size 1024K, 2 young (2048K), 2 survivors (2048K)
 Metaspace       used 104547K, capacity 107408K, committed 109228K, reserved 1144832K
  class space    used 12676K, capacity 13597K, committed 14080K, reserved 1048576K
}
Event: 3449.429 GC heap before
{Heap before GC invocations=55 (full 0):
 garbage-first heap   total 427008K, used 132632K [0x00000000a0000000, 0x0000000100000000)
  region size 1024K, 20 young (20480K), 2 survivors (2048K)
 Metaspace       used 104664K, capacity 107562K, committed 109228K, reserved 1144832K
  class space    used 12698K, capacity 13649K, committed 14080K, reserved 1048576K
}
Event: 3576.854 GC heap after
{Heap after GC invocations=56 (full 0):
 garbage-first heap   total 427008K, used 111201K [0x00000000a0000000, 0x0000000100000000)
  region size 1024K, 1 young (1024K), 1 survivors (1024K)
 Metaspace       used 104664K, capacity 107562K, committed 109228K, reserved 1144832K
  class space    used 12698K, capacity 13649K, committed 14080K, reserved 1048576K
}
Event: 4329.855 GC heap before
{Heap before GC invocations=56 (full 0):
 garbage-first heap   total 427008K, used 129633K [0x00000000a0000000, 0x0000000100000000)
  region size 1024K, 20 young (20480K), 1 survivors (1024K)
 Metaspace       used 104897K, capacity 107882K, committed 109484K, reserved 1144832K
  class space    used 12734K, capacity 13702K, committed 14080K, reserved 1048576K
}

